2025-01-31 07:41:01 [scrapy.utils.log] INFO: Scrapy 2.12.0 started (bot: shoplifter)
2025-01-31 07:41:01 [scrapy.utils.log] INFO: Versions: lxml 5.3.0.0, libxml2 2.12.9, cssselect 1.2.0, parsel 1.10.0, w3lib 2.3.1, Twisted 24.11.0, Python 3.13.1 (main, Dec  4 2024, 18:05:56) [GCC 14.2.1 20240910], pyOpenSSL 25.0.0 (OpenSSL 3.4.0 22 Oct 2024), cryptography 44.0.0, Platform Linux-6.12.10-arch1-1-x86_64-with-glibc2.40
2025-01-31 07:41:01 [scrapy.addons] INFO: Enabled addons:
[]
2025-01-31 07:41:01 [asyncio] DEBUG: Using selector: EpollSelector
2025-01-31 07:41:01 [scrapy.utils.log] DEBUG: Using reactor: twisted.internet.asyncioreactor.AsyncioSelectorReactor
2025-01-31 07:41:01 [scrapy.utils.log] DEBUG: Using asyncio event loop: asyncio.unix_events._UnixSelectorEventLoop
2025-01-31 07:41:01 [scrapy.utils.log] DEBUG: Using reactor: twisted.internet.asyncioreactor.AsyncioSelectorReactor
2025-01-31 07:41:01 [scrapy.utils.log] DEBUG: Using asyncio event loop: asyncio.unix_events._UnixSelectorEventLoop
2025-01-31 07:41:01 [scrapy.extensions.telnet] INFO: Telnet Password: 2a2a7b4eff7623f3
2025-01-31 07:41:01 [scrapy.middleware] INFO: Enabled extensions:
['scrapy.extensions.corestats.CoreStats',
 'scrapy.extensions.telnet.TelnetConsole',
 'scrapy.extensions.memusage.MemoryUsage',
 'scrapy.extensions.throttle.AutoThrottle']
2025-01-31 07:41:01 [scrapy.crawler] INFO: Overridden settings:
{'AUTOTHROTTLE_ENABLED': True,
 'AUTOTHROTTLE_MAX_DELAY': 10,
 'AUTOTHROTTLE_START_DELAY': 1,
 'BOT_NAME': 'shoplifter',
 'CONCURRENT_REQUESTS_PER_IP': 8,
 'DOWNLOAD_DELAY': 3,
 'DUPEFILTER_CLASS': 'scrapy.dupefilters.BaseDupeFilter',
 'FEED_EXPORT_ENCODING': 'utf-8',
 'LOGSTATS_INTERVAL': 0,
 'LOG_FILE': './scrapy_log.log',
 'NEWSPIDER_MODULE': 'shoplifter.spiders',
 'RETRY_HTTP_CODES': [500, 502, 503, 504, 400, 403, 404, 429],
 'RETRY_TIMES': 5,
 'SPIDER_MODULES': ['shoplifter.spiders'],
 'TWISTED_REACTOR': 'twisted.internet.asyncioreactor.AsyncioSelectorReactor'}
2025-01-31 07:41:01 [urllib3.connectionpool] DEBUG: Starting new HTTP connection (1): headers.scrapeops.io:80
2025-01-31 07:41:01 [urllib3.connectionpool] DEBUG: http://headers.scrapeops.io:80 "GET /v1/browser-headers?api_key=&num_results=50 HTTP/1.1" 301 178
2025-01-31 07:41:01 [urllib3.connectionpool] DEBUG: Starting new HTTPS connection (1): headers.scrapeops.io:443
2025-01-31 07:41:02 [urllib3.connectionpool] DEBUG: https://headers.scrapeops.io:443 "GET /v1/browser-headers?api_key=&num_results=50 HTTP/1.1" 200 28650
2025-01-31 07:41:02 [scrapy.middleware] INFO: Enabled downloader middlewares:
['scrapy.downloadermiddlewares.offsite.OffsiteMiddleware',
 'scrapy.downloadermiddlewares.httpauth.HttpAuthMiddleware',
 'scrapy.downloadermiddlewares.downloadtimeout.DownloadTimeoutMiddleware',
 'scrapy.downloadermiddlewares.defaultheaders.DefaultHeadersMiddleware',
 'shoplifter.middlewares.ScrapeOpsFakeBrowserHeaderAgentMiddleware',
 'scrapy.downloadermiddlewares.useragent.UserAgentMiddleware',
 'scrapy.downloadermiddlewares.retry.RetryMiddleware',
 'scrapy.downloadermiddlewares.redirect.MetaRefreshMiddleware',
 'scrapy.downloadermiddlewares.httpcompression.HttpCompressionMiddleware',
 'scrapy.downloadermiddlewares.redirect.RedirectMiddleware',
 'scrapy.downloadermiddlewares.cookies.CookiesMiddleware',
 'scrapy.downloadermiddlewares.httpproxy.HttpProxyMiddleware',
 'scrapy.downloadermiddlewares.stats.DownloaderStats']
2025-01-31 07:41:02 [scrapy.middleware] INFO: Enabled spider middlewares:
['scrapy.spidermiddlewares.httperror.HttpErrorMiddleware',
 'scrapy.spidermiddlewares.referer.RefererMiddleware',
 'scrapy.spidermiddlewares.urllength.UrlLengthMiddleware',
 'scrapy.spidermiddlewares.depth.DepthMiddleware']
2025-01-31 07:41:02 [scrapy.middleware] INFO: Enabled item pipelines:
[]
2025-01-31 07:41:02 [scrapy.extensions.telnet] INFO: Telnet console listening on 127.0.0.1:6023
2025-01-31 07:41:02 [asyncio] DEBUG: Using selector: EpollSelector
